INFO:werkzeug: * Running on http://0.0.0.0:8888/ (Press CTRL+C to quit)
DEBUG:root:('balance attempt', 0, 120, 100)
DEBUG:root:('balance attempt', 1, 120, 100)
DEBUG:root:('balance attempt', 2, 120, 100)
DEBUG:root:('balance attempt', 3, 120, 100)
DEBUG:root:('balance attempt', 4, 120, 100)
DEBUG:root:('balance attempt', 5, 120, 100)
DEBUG:root:('balance attempt', 6, 120, 100)
DEBUG:root:('balance attempt', 7, 120, 100)
DEBUG:root:('balance attempt', 8, 120, 100)
DEBUG:root:('balance attempt', 9, 120, 100)
DEBUG:root:(1, 'Angle', 0, 'Shift', -99.6875)
DEBUG:root:('Turn', 'Left', 0.125)
DEBUG:root:('balance attempt', 0, 120, 100)
DEBUG:root:('balance attempt', 1, 120, 100)
DEBUG:root:('balance attempt', 2, 120, 100)
DEBUG:root:('balance attempt', 3, 120, 100)
DEBUG:root:('balance attempt', 4, 120, 100)
DEBUG:root:('balance attempt', 5, 120, 100)
DEBUG:root:('balance attempt', 6, 120, 100)
DEBUG:root:('balance attempt', 7, 120, 100)
DEBUG:root:('balance attempt', 8, 120, 100)
DEBUG:root:('balance attempt', 9, 120, 100)
DEBUG:root:(2, 'Angle', 0, 'Shift', -99.6875)
DEBUG:root:('Turn', 'Left', 0.125)
DEBUG:root:('balance attempt', 0, 120, 100)
DEBUG:root:('balance attempt', 1, 120, 100)
DEBUG:root:('balance attempt', 2, 120, 100)
DEBUG:root:('balance attempt', 3, 120, 100)
DEBUG:root:('balance attempt', 4, 120, 100)
DEBUG:root:('balance attempt', 5, 120, 100)
DEBUG:root:('balance attempt', 6, 120, 100)
DEBUG:root:('balance attempt', 7, 120, 100)
DEBUG:root:('balance attempt', 8, 120, 100)
DEBUG:root:('balance attempt', 9, 120, 100)
DEBUG:root:(3, 'Angle', 0, 'Shift', -99.6875)
DEBUG:root:('Turn', 'Left', 0.125)
DEBUG:root:('balance attempt', 0, 120, 100)
DEBUG:root:('balance attempt', 1, 120, 100)
DEBUG:root:('balance attempt', 2, 120, 100)
DEBUG:root:('balance attempt', 3, 120, 100)
DEBUG:root:('balance attempt', 4, 120, 100)
DEBUG:root:('balance attempt', 5, 120, 100)
DEBUG:root:('balance attempt', 6, 120, 100)
DEBUG:root:('balance attempt', 7, 120, 100)
DEBUG:root:('balance attempt', 8, 120, 100)
DEBUG:root:('balance attempt', 9, 120, 100)
DEBUG:root:(4, 'Angle', 0, 'Shift', -99.6875)
DEBUG:root:('Turn', 'Left', 0.125)
DEBUG:root:('balance attempt', 0, 120, 100)
DEBUG:root:('balance attempt', 1, 120, 100)
DEBUG:root:('balance attempt', 2, 120, 100)
DEBUG:root:('balance attempt', 3, 120, 100)
DEBUG:root:('balance attempt', 4, 120, 100)
DEBUG:root:('balance attempt', 5, 120, 100)
DEBUG:root:('balance attempt', 6, 120, 100)
DEBUG:root:('balance attempt', 7, 120, 100)
DEBUG:root:('balance attempt', 8, 120, 100)
DEBUG:root:('balance attempt', 9, 120, 100)
DEBUG:root:(5, 'Angle', 0, 'Shift', -99.6875)
DEBUG:root:('Turn', 'Left', 0.125)
DEBUG:root:('balance attempt', 0, 120, 100)
DEBUG:root:('balance attempt', 1, 120, 100)
DEBUG:root:('balance attempt', 2, 120, 100)
DEBUG:root:('balance attempt', 3, 120, 100)
DEBUG:root:('balance attempt', 4, 120, 100)
DEBUG:root:('balance attempt', 5, 120, 100)
DEBUG:root:('balance attempt', 6, 120, 100)
DEBUG:root:('balance attempt', 7, 120, 100)
DEBUG:root:('balance attempt', 8, 120, 100)
DEBUG:root:('balance attempt', 9, 120, 100)
DEBUG:root:(6, 'Angle', 0, 'Shift', -99.6875)
DEBUG:root:('Turn', 'Left', 0.125)
DEBUG:root:('balance attempt', 0, 120, 100)
DEBUG:root:('balance attempt', 1, 120, 100)
DEBUG:root:('balance attempt', 2, 120, 100)
DEBUG:root:('balance attempt', 3, 120, 100)
DEBUG:root:('balance attempt', 4, 120, 100)
DEBUG:root:('balance attempt', 5, 120, 100)
DEBUG:root:('balance attempt', 6, 120, 100)
DEBUG:root:('balance attempt', 7, 120, 100)
DEBUG:root:('balance attempt', 8, 120, 100)
DEBUG:root:('balance attempt', 9, 120, 100)
DEBUG:root:(7, 'Angle', 0, 'Shift', -99.6875)
DEBUG:root:('Turn', 'Left', 0.125)
DEBUG:root:('balance attempt', 0, 120, 100)
DEBUG:root:('balance attempt', 1, 120, 100)
DEBUG:root:('balance attempt', 2, 120, 100)
DEBUG:root:('balance attempt', 3, 120, 100)
DEBUG:root:('balance attempt', 4, 120, 100)
DEBUG:root:('balance attempt', 5, 120, 100)
DEBUG:root:('balance attempt', 6, 120, 100)
DEBUG:root:('balance attempt', 7, 120, 100)
DEBUG:root:('balance atteINFO:werkzeug: * Running on http://0.0.0.0:8888/ (Press CTRL+C to quit)
DEBUG:root:('balance attempt', 0, 120, 16)
DEBUG:root:('balance attempt', 1, 120, 16)
DEBUG:root:('balance attempt', 2, 120, 16)
DEBUG:root:('balance attempt', 3, 120, 16)
DEBUG:root:('balance attempt', 4, 120, 16)
DEBUG:root:('balance attempt', 5, 120, 16)
DEBUG:root:('balance attempt', 6, 120, 16)
DEBUG:root:('balance attempt', 7, 120, 16)
DEBUG:root:('balance attempt', 8, 120, 16)
DEBUG:root:('balance attempt', 9, 120, 16)
DEBUG:root:(1, 'Angle', 90, 'Shift', -2.1875)
DEBUG:root:('balance attempt', 0, 120, 16)
DEBUG:root:('balance attempt', 1, 120, 16)
DEBUG:root:('balance attempt', 2, 120, 16)
DEBUG:root:('balance attempt', 3, 120, 16)
DEBUG:root:('balance attempt', 4, 120, 16)
DEBUG:root:('balance attempt', 5, 120, 16)
DEBUG:root:('balance attempt', 6, 120, 16)
DEBUG:root:('balance attempt', 7, 120, 16)
DEBUG:root:('balance attempt', 8, 120, 16)
DEBUG:root:('balance attempt', 9, 120, 16)
DEBUG:root:(2, 'Angle', 90, 'Shift', -2.1875)
DEBUG:root:('balance attempt', 0, 120, 16)
DEBUG:root:('balance attempt', 1, 120, 16)
DEBUG:root:('balance attempt', 2, 120, 16)
DEBUG:root:('balance attempt', 3, 120, 16)
DEBUG:root:('balance attempt', 4, 120, 16)
DEBUG:root:('balance attempt', 5, 120, 16)
DEBUG:root:('balance attempt', 6, 120, 16)
DEBUG:root:('balance attempt', 7, 120, 16)
DEBUG:root:('balance attempt', 8, 120, 16)
DEBUG:root:('balance attempt', 9, 120, 16)
DEBUG:root:(3, 'Angle', 90, 'Shift', -2.1875)
DEBUG:root:('balance attempt', 0, 120, 16)
DEBUG:root:('balance attempt', 1, 120, 16)
DEBUG:root:('balance attempt', 2, 120, 16)
DEBUG:root:('balance attempt', 3, 120, 16)
DEBUG:root:('balance attempt', 4, 120, 16)
DEBUG:root:('balance attempt', 5, 120, 16)
DEBUG:root:('balance attempt', 6, 120, 16)
DEBUG:root:('balance attempt', 7, 120, 16)
DEBUG:root:('balance attempt', 8, 120, 16)
DEBUG:root:('balance attempt', 9, 120, 16)
DEBUG:root:(4, 'Angle', 90, 'Shift', -2.1875)
DEBUG:root:('balance attempt', 0, 120, 16)
DEBUG:root:('balance attempt', 1, 120, 16)
DEBUG:root:('balance attempt', 2, 120, 16)
DEBUG:root:('balance attempt', 3, 120, 16)
DEBUG:root:('balance attempt', 4, 120, 16)
DEBUG:root:('balance attempt', 5, 120, 16)
DEBUG:root:('balance attempt', 6, 120, 16)
DEBUG:root:('balance attempt', 7, 120, 16)
DEBUG:root:('balance attempt', 8, 120, 16)
DEBUG:root:('balance attempt', 9, 120, 16)
DEBUG:root:(5, 'Angle', 90, 'Shift', -2.1875)
DEBUG:root:('balance attempt', 0, 120, 16)
DEBUG:root:('balance attempt', 1, 120, 16)
DEBUG:root:('balance attempt', 2, 120, 16)
DEBUG:root:('balance attempt', 3, 120, 16)
DEBUG:root:('balance attempt', 4, 120, 16)
DEBUG:root:('balance attempt', 5, 120, 16)
DEBUG:root:('balance attempt', 6, 120, 16)
DEBUG:root:('balance attempt', 7, 120, 16)
DEBUG:root:('balance attempt', 8, 120, 16)
DEBUG:root:('balance attempt', 9, 120, 16)
DEBUG:root:(6, 'Angle', 90, 'Shift', -2.1875)
DEBUG:root:('balance attempt', 0, 120, 16)
DEBUG:root:('balance attempt', 1, 120, 16)
DEBUG:root:('balance attempt', 2, 120, 16)
DEBUG:root:('balance attempt', 3, 120, 16)
DEBUG:root:('balance attempt', 4, 120, 16)
DEBUG:root:('balance attempt', 5, 120, 16)
DEBUG:root:('balance attempt', 6, 120, 16)
DEBUG:root:('balance attempt', 7, 120, 16)
DEBUG:root:('balance attempt', 8, 120, 16)
DEBUG:root:('balance attempt', 9, 120, 16)
DEBUG:root:(7, 'Angle', 90, 'Shift', -2.1875)
DEBUG:root:('balance attempt', 0, 120, 16)
DEBUG:root:('balance attempt', 1, 120, 16)
DEBUG:root:('balance attempt', 2, 120, 16)
DEBUG:root:('balance attempt', 3, 120, 16)
DEBUG:root:('balance attempt', 4, 120, 16)
DEBUG:root:('balance attempt', 5, 120, 16)
DEBUG:root:('balance attempt', 6, 120, 16)
DEBUG:root:('balance attempt', 7, 120, 16)
DEBUG:root:('balance attempt', 8, 120, 16)
DEBUG:root:('balance attempt', 9, 120, 16)
DEBUG:root:(8, 'Angle', 90, 'Shift', -2.1875)
DEBUG:root:('balance attempt', 0, 120, 16)
DEBUG:root:('balance attempt', 1, 120, 16)
DEBUG:root:('balance attempt', 2, 120, 16)
DEBUG:root:('balance attempt', 3, 120, 16)
DEBUG:root:('balance attempt', 4, 120, 16)
DEBUG:root:('balance attempt', 5, 120, 16)
DEBUG:root:('balance attempt', 6, 120, 16)
DEBUG:root:('balance attempt', 7, 120, 16)
DEBUG:root:('balance attempt', 8, 120, 16)
DEBUG:root:('balance attempt', 9, 120, 16)
DEBUG:root:(9, 'Angle', 90, 'Shift', -2.1875)
DEBUG:root:('balance attempt', 0, 120, 16)
DEBUG:root:('balance attempt', 1, 120, 16)
DEBUG:root:('balance attempt', 2, 120, 16)
DEBUG:root:('balance attempt', 3, 120, 16)
DEBUG:root:('balance attempt', 4, 120, 16)
DEBUG:root:('balance attempt', 5, 120, 16)
DEBUG:root:('balance attempt', 6, 120, 16)
DEBUG:root:('balance attempt', 7, 120, 16)
DEBUG:root:('balance attempt', 8, 120, 16)
DEBUG:root:('balance attempt', 9, 120, 16)
DEBUG:root:(10, 'Angle', 90, 'Shift', -2.1875)
DEBUG:root:('balance attempt', 0, 120, 16)
DEBUG:root:('balance attempt', 1, 120, 16)
DEBUG:root:('balance attempt', 2, 120, 16)
DEBUG:root:('balance attempt', 3, 120, 16)
DEBUG:root:('balance attempt', 4, 120, 16)
DEBUG:root:('balance attempt', 5, 120, 16)
DEBUG:root:('balance attempt', 6, 120, 16)
DEBUG:root:('balance attempt', 7, 120, 16)
DEBUG:root:('balance attempt', 8, 120, 16)
DEBUG:root:('balance attempt', 9, 120, 16)
DEBUG:root:(11, 'Angle', 90, 'Shift', -2.1875)
DEBUG:root:('balance attempt', 0, 120, 16)
DEBUG:root:('balance attempt', 1, 120, 16)
DEBUG:root:('balance attempt', 2, 120, 16)
DEBUG:root:('balance attempt', 3, 120, 16)
DEBUG:root:('balance attempt', 4, 120, 16)
DEBUG:root:('balance attempt', 5, 120, 16)
DEBUG:root:('balance attempt', 6, 120, 16)
DEBUG:root:('balance attempt', 7, 120, 16)
DEBUG:root:('balance attempt', 8, 120, 16)
DEBUG:root:('balance attempt', 9, 120, 16)
DEBUG:root:(12, 'Angle', 90, 'Shift', -2.1875)
